--2024-12-14 02:21:07--  https://bycaos.com/mazorca.art/
Resolving bycaos.com (bycaos.com)... 104.21.45.201, 172.67.218.186, 2606:4700:3037::ac43:daba, ...
Connecting to bycaos.com (bycaos.com)|104.21.45.201|:443... connected.
HTTP request sent, awaiting response... 200 OK
Length: unspecified [text/html]
Saving to: ‘bycaos.com/mazorca.art/index.html’

     0K .......... .......... .......... .......... .......... 3.77M
    50K .                                                      5.79M=0.01s

2024-12-14 02:21:09 (3.82 MB/s) - ‘bycaos.com/mazorca.art/index.html’ saved [52843]

--2024-12-14 02:21:09--  https://bycaos.com/mazorca.art/feed/
Reusing existing connection to bycaos.com:443.
HTTP request sent, awaiting response... 404 Not Found
2024-12-14 02:21:09 ERROR 404: Not Found.

--2024-12-14 02:21:09--  https://bycaos.com/mazorca.art/comments/feed/
Reusing existing connection to bycaos.com:443.
HTTP request sent, awaiting response... 404 Not Found
2024-12-14 02:21:09 ERROR 404: Not Found.

--2024-12-14 02:21:09--  https://bycaos.com/mazorca.art/wp-content/plugins/jet-engine/assets/css/frontend.css?ver=2.11.6
Reusing existing connection to bycaos.com:443.
HTTP request sent, awaiting response... 200 OK
Length: unspecified [text/css]
Saving to: ‘bycaos.com/mazorca.art/wp-content/plugins/jet-engine/assets/css/frontend.css?ver=2.11.6’

     0K .......... .......... .......... .......... .........  6.00M=0.008s

2024-12-14 02:21:09 (6.00 MB/s) - ‘bycaos.com/mazorca.art/wp-content/plugins/jet-engine/assets/css/frontend.css?ver=2.11.6’ saved [51154]

--2024-12-14 02:21:09--  https://bycaos.com/mazorca.art/wp-content/themes/hello-elementor/style.min.css?ver=2.6.1
Reusing existing connection to bycaos.com:443.
HTTP request sent, awaiting response... 200 OK
Length: unspecified [text/css]
Saving to: ‘bycaos.com/mazorca.art/wp-content/themes/hello-elementor/style.min.css?ver=2.6.1’

     0K .....                                                  9.26M=0.001s

2024-12-14 02:21:10 (9.26 MB/s) - ‘bycaos.com/mazorca.art/wp-content/themes/hello-elementor/style.min.css?ver=2.6.1’ saved [6051]

--2024-12-14 02:21:10--  https://bycaos.com/mazorca.art/wp-content/themes/hello-elementor/theme.min.css?ver=2.6.1
Reusing existing connection to bycaos.com:443.
HTTP request sent, awaiting response... 200 OK
Length: unspecified [text/css]
Saving to: ‘bycaos.com/mazorca.art/wp-content/themes/hello-elementor/theme.min.css?ver=2.6.1’

     0K .......... .....                                       10.4M=0.001s

2024-12-14 02:21:10 (10.4 MB/s) - ‘bycaos.com/mazorca.art/wp-content/themes/hello-elementor/theme.min.css?ver=2.6.1’ saved [15672]

--2024-12-14 02:21:10--  https://bycaos.com/mazorca.art/wp-content/plugins/elementor/assets/css/frontend.min.css?ver=3.24.7
Reusing existing connection to bycaos.com:443.
HTTP request sent, awaiting response... 200 OK
Length: unspecified [text/css]
Saving to: ‘bycaos.com/mazorca.art/wp-content/plugins/elementor/assets/css/frontend.min.css?ver=3.24.7’

     0K .......... .......... .......... .......... .......... 11.9M
    50K .........                                              27.9M=0.004s

2024-12-14 02:21:10 (13.1 MB/s) - ‘bycaos.com/mazorca.art/wp-content/plugins/elementor/assets/css/frontend.min.css?ver=3.24.7’ saved [60705]

--2024-12-14 02:21:10--  https://bycaos.com/mazorca.art/wp-content/uploads/elementor/css/post-8.css?ver=1726547435
Reusing existing connection to bycaos.com:443.
HTTP request sent, awaiting response... 200 OK
Length: unspecified [text/css]
Saving to: ‘bycaos.com/mazorca.art/wp-content/uploads/elementor/css/post-8.css?ver=1726547435’

     0K .                                                      3.35M=0s

2024-12-14 02:21:10 (3.35 MB/s) - ‘bycaos.com/mazorca.art/wp-content/uploads/elementor/css/post-8.css?ver=1726547435’ saved [1217]

--2024-12-14 02:21:10--  https://bycaos.com/mazorca.art/wp-content/plugins/jet-elements/assets/css/jet-elements.css?ver=2.6.3
Reusing existing connection to bycaos.com:443.
HTTP request sent, awaiting response... 200 OK
Length: unspecified [text/css]
Saving to: ‘bycaos.com/mazorca.art/wp-content/plugins/jet-elements/assets/css/jet-elements.css?ver=2.6.3’

     0K .......... .......... .......... .......... .......... 21.2M
    50K .......... .......... .......... .......... .......... 28.6M
   100K .......... .......... .......... .......... .......... 22.9M
   150K .......... .......... .......... .......... .......... 23.2M
   200K .......... .......... .......                          21.5M=0.009s

2024-12-14 02:21:10 (23.4 MB/s) - ‘bycaos.com/mazorca.art/wp-content/plugins/jet-elements/assets/css/jet-elements.css?ver=2.6.3’ saved [232793]

--2024-12-14 02:21:10--  https://bycaos.com/mazorca.art/wp-content/plugins/jet-elements/assets/css/jet-elements-skin.css?ver=2.6.3
Reusing existing connection to bycaos.com:443.
HTTP request sent, awaiting response... 200 OK
Length: unspecified [text/css]
Saving to: ‘bycaos.com/mazorca.art/wp-content/plugins/jet-elements/assets/css/jet-elements-skin.css?ver=2.6.3’

     0K .......... .......                                     17.6M=0.001s

2024-12-14 02:21:10 (17.6 MB/s) - ‘bycaos.com/mazorca.art/wp-content/plugins/jet-elements/assets/css/jet-elements-skin.css?ver=2.6.3’ saved [17468]

--2024-12-14 02:21:10--  https://bycaos.com/mazorca.art/wp-content/plugins/elementor/assets/lib/eicons/css/elementor-icons.min.css?ver=5.31.0
Reusing existing connection to bycaos.com:443.
HTTP request sent, awaiting response... 200 OK
Length: unspecified [text/css]
Saving to: ‘bycaos.com/mazorca.art/wp-content/plugins/elementor/assets/lib/eicons/css/elementor-icons.min.css?ver=5.31.0’

     0K .......... .........                                   19.8M=0.001s

2024-12-14 02:21:10 (19.8 MB/s) - ‘bycaos.com/mazorca.art/wp-content/plugins/elementor/assets/lib/eicons/css/elementor-icons.min.css?ver=5.31.0’ saved [19862]

--2024-12-14 02:21:10--  https://bycaos.com/mazorca.art/wp-content/plugins/elementor/assets/lib/swiper/v8/css/swiper.min.css?ver=8.4.5
Reusing existing connection to bycaos.com:443.
HTTP request sent, awaiting response... 200 OK
Length: unspecified [text/css]
Saving to: ‘bycaos.com/mazorca.art/wp-content/plugins/elementor/assets/lib/swiper/v8/css/swiper.min.css?ver=8.4.5’

     0K .......... ......                                      17.5M=0.001s

2024-12-14 02:21:10 (17.5 MB/s) - ‘bycaos.com/mazorca.art/wp-content/plugins/elementor/assets/lib/swiper/v8/css/swiper.min.css?ver=8.4.5’ saved [16471]

--2024-12-14 02:21:10--  https://bycaos.com/mazorca.art/wp-content/plugins/elementor/assets/css/conditionals/e-swiper.min.css?ver=3.24.7
Reusing existing connection to bycaos.com:443.
HTTP request sent, awaiting response... 200 OK
Length: unspecified [text/css]
Saving to: ‘bycaos.com/mazorca.art/wp-content/plugins/elementor/assets/css/conditionals/e-swiper.min.css?ver=3.24.7’

     0K ..........                                             19.7M=0s

2024-12-14 02:21:10 (19.7 MB/s) - ‘bycaos.com/mazorca.art/wp-content/plugins/elementor/assets/css/conditionals/e-swiper.min.css?ver=3.24.7’ saved [10260]

--2024-12-14 02:21:10--  https://bycaos.com/mazorca.art/wp-content/plugins/elementor-pro/assets/css/frontend.min.css?ver=3.23.3
Reusing existing connection to bycaos.com:443.
HTTP request sent, awaiting response... 200 OK
Length: unspecified [text/css]
Saving to: ‘bycaos.com/mazorca.art/wp-content/plugins/elementor-pro/assets/css/frontend.min.css?ver=3.23.3’

     0K .......... .......... .......... .......... .......... 19.8M
    50K .......... .......... .......... .......... .......... 19.1M
   100K .......... .......... .......... .......... .......... 26.5M
   150K .......... .......... .......... .......... .......... 24.6M
   200K .......... .......... .......... .......... .......... 29.4M
   250K .......... .......... .......... .......... .......... 29.3M
   300K .......... .......... .......... .......... .......... 11.6M
   350K .......... .......... .......... .......... .......... 22.9M
   400K .......... .......... .......... .......... .......... 25.8M
   450K .........                                              25.9M=0.02s

2024-12-14 02:21:10 (21.6 MB/s) - ‘bycaos.com/mazorca.art/wp-content/plugins/elementor-pro/assets/css/frontend.min.css?ver=3.23.3’ saved [470844]

--2024-12-14 02:21:10--  https://bycaos.com/mazorca.art/wp-content/uploads/elementor/css/global.css?ver=1726547436
Reusing existing connection to bycaos.com:443.
HTTP request sent, awaiting response... 200 OK
Length: unspecified [text/css]
Saving to: ‘bycaos.com/mazorca.art/wp-content/uploads/elementor/css/global.css?ver=1726547436’

     0K .......... .......... .......... .......... .......... 23.7M
    50K .......... ........                                    28.2M=0.003s

2024-12-14 02:21:10 (24.7 MB/s) - ‘bycaos.com/mazorca.art/wp-content/uploads/elementor/css/global.css?ver=1726547436’ saved [69857]

--2024-12-14 02:21:10--  https://bycaos.com/mazorca.art/wp-content/uploads/elementor/css/post-23.css?ver=1726547436
Reusing existing connection to bycaos.com:443.
HTTP request sent, awaiting response... 200 OK
Length: unspecified [text/css]
Saving to: ‘bycaos.com/mazorca.art/wp-content/uploads/elementor/css/post-23.css?ver=1726547436’

     0K .......... ....                                        27.2M=0.001s

2024-12-14 02:21:10 (27.2 MB/s) - ‘bycaos.com/mazorca.art/wp-content/uploads/elementor/css/post-23.css?ver=1726547436’ saved [15166]

--2024-12-14 02:21:10--  https://bycaos.com/mazorca.art/wp-content/plugins/elementor/assets/lib/font-awesome/css/fontawesome.min.css?ver=5.15.3
Reusing existing connection to bycaos.com:443.
HTTP request sent, awaiting response... 200 OK
Length: unspecified [text/css]
Saving to: ‘bycaos.com/mazorca.art/wp-content/plugins/elementor/assets/lib/font-awesome/css/fontawesome.min.css?ver=5.15.3’

     0K .......... .......... .......... .......... .......... 24.1M
    50K ......                                                 28.4M=0.002s

2024-12-14 02:21:11 (24.6 MB/s) - ‘bycaos.com/mazorca.art/wp-content/plugins/elementor/assets/lib/font-awesome/css/fontawesome.min.css?ver=5.15.3’ saved [58071]

--2024-12-14 02:21:11--  https://bycaos.com/mazorca.art/wp-content/plugins/elementor/assets/lib/font-awesome/css/brands.min.css?ver=5.15.3
Reusing existing connection to bycaos.com:443.
HTTP request sent, awaiting response... 200 OK
Length: unspecified [text/css]
Saving to: ‘bycaos.com/mazorca.art/wp-content/plugins/elementor/assets/lib/font-awesome/css/brands.min.css?ver=5.15.3’

     0K                                                        2.50M=0s

2024-12-14 02:21:11 (2.50 MB/s) - ‘bycaos.com/mazorca.art/wp-content/plugins/elementor/assets/lib/font-awesome/css/brands.min.css?ver=5.15.3’ saved [675]

--2024-12-14 02:21:11--  https://bycaos.com/mazorca.art/wp-content/plugins/elementor/assets/lib/font-awesome/css/solid.min.css?ver=5.15.3
Reusing existing connection to bycaos.com:443.
HTTP request sent, awaiting response... 200 OK
Length: unspecified [text/css]
Saving to: ‘bycaos.com/mazorca.art/wp-content/plugins/elementor/assets/lib/font-awesome/css/solid.min.css?ver=5.15.3’

     0K                                                        2.20M=0s

2024-12-14 02:21:11 (2.20 MB/s) - ‘bycaos.com/mazorca.art/wp-content/plugins/elementor/assets/lib/font-awesome/css/solid.min.css?ver=5.15.3’ saved [669]

--2024-12-14 02:21:11--  https://bycaos.com/mazorca.art/wp-includes/js/jquery/jquery.min.js?ver=3.7.1
Reusing existing connection to bycaos.com:443.
HTTP request sent, awaiting response... 200 OK
Length: unspecified [application/javascript]
Saving to: ‘bycaos.com/mazorca.art/wp-includes/js/jquery/jquery.min.js?ver=3.7.1’

     0K .......... .......... .......... .......... .......... 22.7M
    50K .......... .......... .......... .....                 25.2M=0.004s

2024-12-14 02:21:11 (23.7 MB/s) - ‘bycaos.com/mazorca.art/wp-includes/js/jquery/jquery.min.js?ver=3.7.1’ saved [87553]

--2024-12-14 02:21:11--  https://bycaos.com/mazorca.art/wp-includes/js/jquery/jquery-migrate.min.js?ver=3.4.1
Reusing existing connection to bycaos.com:443.
HTTP request sent, awaiting response... 200 OK
Length: unspecified [application/javascript]
Saving to: ‘bycaos.com/mazorca.art/wp-includes/js/jquery/jquery-migrate.min.js?ver=3.4.1’

     0K .......... ...                                         19.4M=0.001s

2024-12-14 02:21:11 (19.4 MB/s) - ‘bycaos.com/mazorca.art/wp-includes/js/jquery/jquery-migrate.min.js?ver=3.4.1’ saved [13577]

--2024-12-14 02:21:11--  https://bycaos.com/mazorca.art/wp-json/
Reusing existing connection to bycaos.com:443.
HTTP request sent, awaiting response... 404 Not Found
2024-12-14 02:21:11 ERROR 404: Not Found.

--2024-12-14 02:21:11--  https://bycaos.com/mazorca.art/wp-json/wp/v2/pages/23
Reusing existing connection to bycaos.com:443.
HTTP request sent, awaiting response... 404 Not Found
2024-12-14 02:21:11 ERROR 404: Not Found.

--2024-12-14 02:21:11--  https://bycaos.com/mazorca.art/xmlrpc.php?rsd
Reusing existing connection to bycaos.com:443.
HTTP request sent, awaiting response... 200 OK
Length: unspecified [text/xml]
Saving to: ‘bycaos.com/mazorca.art/xmlrpc.php?rsd’

     0K                                                        2.19M=0s

2024-12-14 02:21:12 (2.19 MB/s) - ‘bycaos.com/mazorca.art/xmlrpc.php?rsd’ saved [846]

--2024-12-14 02:21:12--  https://bycaos.com/mazorca.art/wp-json/oembed/1.0/embed?url=https%3A%2F%2Fbycaos.com%2Fmazorca.art%2F
Reusing existing connection to bycaos.com:443.
HTTP request sent, awaiting response... 404 Not Found
2024-12-14 02:21:12 ERROR 404: Not Found.

--2024-12-14 02:21:12--  https://bycaos.com/mazorca.art/wp-json/oembed/1.0/embed?url=https%3A%2F%2Fbycaos.com%2Fmazorca.art%2F&format=xml
Reusing existing connection to bycaos.com:443.
HTTP request sent, awaiting response... 404 Not Found
2024-12-14 02:21:12 ERROR 404: Not Found.

--2024-12-14 02:21:12--  https://bycaos.com/mazorca.art/wp-content/uploads/2023/02/logo-mazorca.png
Reusing existing connection to bycaos.com:443.
HTTP request sent, awaiting response... 200 OK
Length: 3099 (3.0K) [image/png]
Saving to: ‘bycaos.com/mazorca.art/wp-content/uploads/2023/02/logo-mazorca.png’

     0K ...                                                   100% 8.96M=0s

2024-12-14 02:21:12 (8.96 MB/s) - ‘bycaos.com/mazorca.art/wp-content/uploads/2023/02/logo-mazorca.png’ saved [3099/3099]

--2024-12-14 02:21:12--  https://bycaos.com/mazorca.art/wp-content/uploads/2023/02/logo-mazorca-300x59.png
Reusing existing connection to bycaos.com:443.
HTTP request sent, awaiting response... 200 OK
Length: 4282 (4.2K) [image/png]
Saving to: ‘bycaos.com/mazorca.art/wp-content/uploads/2023/02/logo-mazorca-300x59.png’

     0K ....                                                  100% 14.7M=0s

2024-12-14 02:21:12 (14.7 MB/s) - ‘bycaos.com/mazorca.art/wp-content/uploads/2023/02/logo-mazorca-300x59.png’ saved [4282/4282]

--2024-12-14 02:21:12--  https://bycaos.com/mazorca.art/wp-content/uploads/2023/02/name-logo.png
Reusing existing connection to bycaos.com:443.
HTTP request sent, awaiting response... 200 OK
Length: 3616 (3.5K) [image/png]
Saving to: ‘bycaos.com/mazorca.art/wp-content/uploads/2023/02/name-logo.png’

     0K ...                                                   100% 2.53M=0.001s

2024-12-14 02:21:13 (2.53 MB/s) - ‘bycaos.com/mazorca.art/wp-content/uploads/2023/02/name-logo.png’ saved [3616/3616]

--2024-12-14 02:21:13--  https://bycaos.com/mazorca.art/wp-content/uploads/2023/02/name-logo-300x63.png
Reusing existing connection to bycaos.com:443.
HTTP request sent, awaiting response... 200 OK
Length: 3973 (3.9K) [image/png]
Saving to: ‘bycaos.com/mazorca.art/wp-content/uploads/2023/02/name-logo-300x63.png’

     0K ...                                                   100% 10.3M=0s

2024-12-14 02:21:13 (10.3 MB/s) - ‘bycaos.com/mazorca.art/wp-content/uploads/2023/02/name-logo-300x63.png’ saved [3973/3973]

--2024-12-14 02:21:13--  https://bycaos.com/mazorca.art/wp-content/uploads/2023/02/antigua-francia.png
Reusing existing connection to bycaos.com:443.
HTTP request sent, awaiting response... 200 OK
Length: 847353 (827K) [image/png]
Saving to: ‘bycaos.com/mazorca.art/wp-content/uploads/2023/02/antigua-francia.png’

     0K .......... .......... .......... .......... ..........  6% 20.2M 0s
    50K .......... .......... .......... .......... .......... 12% 35.3M 0s
   100K .......... .......... .......... .......... .......... 18% 17.2M 0s
   150K .......... .......... .......... .......... .......... 24% 33.7M 0s
   200K .......... .......... .......... .......... .......... 30% 29.5M 0s
   250K .......... .......... .......... .......... .......... 36% 36.2M 0s
   300K .......... .......... .......... .......... .......... 42% 31.8M 0s
   350K .......... .......... .......... .......... .......... 48% 29.0M 0s
   400K .......... .......... .......... .......... .......... 54% 34.6M 0s
   450K .......... .......... .......... .......... .......... 60% 34.6M 0s
   500K .......... .......... .......... .......... .......... 66% 34.0M 0s
   550K .......... .......... .......... .......... .......... 72% 23.2M 0s
   600K .......... .......... .......... .......... .......... 78% 41.3M 0s
   650K .......... .......... .......... .......... .......... 84% 25.8M 0s
   700K .......... .......... .......... .......... .......... 90% 31.5M 0s
   750K .......... .......... .......... .......... .......... 96% 23.1M 0s
   800K .......... .......... .......                         100% 35.2M=0.03s

2024-12-14 02:21:13 (28.7 MB/s) - ‘bycaos.com/mazorca.art/wp-content/uploads/2023/02/antigua-francia.png’ saved [847353/847353]

--2024-12-14 02:21:13--  https://bycaos.com/mazorca.art/wp-content/uploads/2023/02/antigua-francia-300x300.png
Reusing existing connection to bycaos.com:443.
HTTP request sent, awaiting response... 200 OK
Length: 141467 (138K) [image/png]
Saving to: ‘bycaos.com/mazorca.art/wp-content/uploads/2023/02/antigua-francia-300x300.png’

     0K .......... .......... .......... .......... .......... 36% 24.1M 0s
    50K .......... .......... .......... .......... .......... 72% 32.1M 0s
   100K .......... .......... .......... ........             100% 29.8M=0.005s

2024-12-14 02:21:13 (28.1 MB/s) - ‘bycaos.com/mazorca.art/wp-content/uploads/2023/02/antigua-francia-300x300.png’ saved [141467/141467]

--2024-12-14 02:21:13--  https://bycaos.com/mazorca.art/wp-content/uploads/2023/02/antigua-francia-150x150.png
Reusing existing connection to bycaos.com:443.
HTTP request sent, awaiting response... 200 OK
Length: 38955 (38K) [image/png]
Saving to: ‘bycaos.com/mazorca.art/wp-content/uploads/2023/02/antigua-francia-150x150.png’

     0K .......... .......... .......... ........             100% 21.0M=0.002s

2024-12-14 02:21:13 (21.0 MB/s) - ‘bycaos.com/mazorca.art/wp-content/uploads/2023/02/antigua-francia-150x150.png’ saved [38955/38955]

--2024-12-14 02:21:13--  https://bycaos.com/mazorca.art/wp-content/uploads/2023/02/residencia.png
Reusing existing connection to bycaos.com:443.
HTTP request sent, awaiting response... 200 OK
Length: 756543 (739K) [image/png]
Saving to: ‘bycaos.com/mazorca.art/wp-content/uploads/2023/02/residencia.png’

     0K .......... .......... .......... .......... ..........  6% 25.8M 0s
    50K .......... .......... .......... .......... .......... 13% 36.5M 0s
   100K .......... .......... .......... .......... .......... 20% 34.7M 0s
   150K .......... .......... .......... .......... .......... 27% 21.6M 0s
   200K .......... .......... .......... .......... .......... 33% 33.4M 0s
   250K .......... .......... .......... .......... .......... 40% 33.7M 0s
   300K .......... .......... .......... .......... .......... 47% 32.6M 0s
   350K .......... .......... .......... .......... .......... 54% 25.1M 0s
   400K .......... .......... .......... .......... .......... 60% 32.9M 0s
   450K .......... .......... .......... .......... .......... 67% 34.4M 0s
   500K .......... .......... .......... .......... .......... 74% 34.2M 0s
   550K .......... .......... .......... .......... .......... 81% 29.2M 0s
   600K .......... .......... .......... .......... .......... 87% 26.4M 0s
   650K .......... .......... .......... .......... .......... 94% 27.4M 0s
   700K .......... .......... .......... ........             100% 36.3M=0.02s

2024-12-14 02:21:13 (30.1 MB/s) - ‘bycaos.com/mazorca.art/wp-content/uploads/2023/02/residencia.png’ saved [756543/756543]

--2024-12-14 02:21:13--  https://bycaos.com/mazorca.art/wp-content/uploads/2023/02/residencia-300x206.png
Reusing existing connection to bycaos.com:443.
HTTP request sent, awaiting response... 200 OK
Length: 96819 (95K) [image/png]
Saving to: ‘bycaos.com/mazorca.art/wp-content/uploads/2023/02/residencia-300x206.png’

     0K .......... .......... .......... .......... .......... 52% 19.3M 0s
    50K .......... .......... .......... .......... ....      100% 33.5M=0.004s

2024-12-14 02:21:13 (24.1 MB/s) - ‘bycaos.com/mazorca.art/wp-content/uploads/2023/02/residencia-300x206.png’ saved [96819/96819]

--2024-12-14 02:21:13--  https://bycaos.com/mazorca.art/wp-content/uploads/2023/02/residencia-768x528.png
Reusing existing connection to bycaos.com:443.
HTTP request sent, awaiting response... 200 OK
Length: 538026 (525K) [image/png]
Saving to: ‘bycaos.com/mazorca.art/wp-content/uploads/2023/02/residencia-768x528.png’

     0K .......... .......... .......... .......... ..........  9% 15.0M 0s
    50K .......... .......... .......... .......... .......... 19% 21.4M 0s
   100K .......... .......... .......... .......... .......... 28% 25.5M 0s
   150K .......... .......... .......... .......... .......... 38% 22.0M 0s
   200K .......... .......... .......... .......... .......... 47% 31.2M 0s
   250K .......... .......... .......... .......... .......... 57% 31.6M 0s
   300K .......... .......... .......... .......... .......... 66% 30.6M 0s
   350K .......... .......... .......... .......... .......... 76% 27.7M 0s
   400K .......... .......... .......... .......... .......... 85% 29.3M 0s
   450K .......... .......... .......... .......... .......... 95% 25.4M 0s
   500K .......... .......... .....                           100% 31.8M=0.02s

2024-12-14 02:21:13 (25.0 MB/s) - ‘bycaos.com/mazorca.art/wp-content/uploads/2023/02/residencia-768x528.png’ saved [538026/538026]

--2024-12-14 02:21:13--  https://bycaos.com/mazorca.art/wp-content/uploads/2023/02/marcas.png
Reusing existing connection to bycaos.com:443.
HTTP request sent, awaiting response... 200 OK
Length: 20231 (20K) [image/png]
Saving to: ‘bycaos.com/mazorca.art/wp-content/uploads/2023/02/marcas.png’

     0K .......... .........                                  100% 19.1M=0.001s

2024-12-14 02:21:13 (19.1 MB/s) - ‘bycaos.com/mazorca.art/wp-content/uploads/2023/02/marcas.png’ saved [20231/20231]

--2024-12-14 02:21:13--  https://bycaos.com/mazorca.art/wp-content/uploads/2023/02/marcas-300x47.png
Reusing existing connection to bycaos.com:443.
HTTP request sent, awaiting response... 200 OK
Length: 8028 (7.8K) [image/png]
Saving to: ‘bycaos.com/mazorca.art/wp-content/uploads/2023/02/marcas-300x47.png’

     0K .......                                               100% 23.1M=0s

2024-12-14 02:21:13 (23.1 MB/s) - ‘bycaos.com/mazorca.art/wp-content/uploads/2023/02/marcas-300x47.png’ saved [8028/8028]

--2024-12-14 02:21:13--  https://bycaos.com/mazorca.art/wp-content/uploads/2023/02/01.png
Reusing existing connection to bycaos.com:443.
HTTP request sent, awaiting response... 200 OK
Length: 118182 (115K) [image/png]
Saving to: ‘bycaos.com/mazorca.art/wp-content/uploads/2023/02/01.png’

     0K .......... .......... .......... .......... .......... 43% 17.6M 0s
    50K .......... .......... .......... .......... .......... 86% 40.2M 0s
   100K .......... .....                                      100% 40.7M=0.004s

2024-12-14 02:21:13 (25.8 MB/s) - ‘bycaos.com/mazorca.art/wp-content/uploads/2023/02/01.png’ saved [118182/118182]

--2024-12-14 02:21:13--  https://bycaos.com/mazorca.art/wp-content/uploads/2023/02/01-150x300.png
Reusing existing connection to bycaos.com:443.
HTTP request sent, awaiting response... 200 OK
Length: 26176 (26K) [image/png]
Saving to: ‘bycaos.com/mazorca.art/wp-content/uploads/2023/02/01-150x300.png’

     0K .......... .......... .....                           100% 17.3M=0.001s

2024-12-14 02:21:13 (17.3 MB/s) - ‘bycaos.com/mazorca.art/wp-content/uploads/2023/02/01-150x300.png’ saved [26176/26176]

--2024-12-14 02:21:13--  https://bycaos.com/mazorca.art/wp-content/uploads/2023/02/02.png
Reusing existing connection to bycaos.com:443.
HTTP request sent, awaiting response... 200 OK
Length: 159018 (155K) [image/png]
Saving to: ‘bycaos.com/mazorca.art/wp-content/uploads/2023/02/02.png’

     0K .......... .......... .......... .......... .......... 32% 23.3M 0s
    50K .......... .......... .......... .......... .......... 64% 31.5M 0s
   100K .......... .......... .......... .......... .......... 96% 18.2M 0s
   150K .....                                                 100% 8.29M=0.007s

2024-12-14 02:21:13 (21.8 MB/s) - ‘bycaos.com/mazorca.art/wp-content/uploads/2023/02/02.png’ saved [159018/159018]

--2024-12-14 02:21:13--  https://bycaos.com/mazorca.art/wp-content/uploads/2023/02/02-150x300.png
Reusing existing connection to bycaos.com:443.
HTTP request sent, awaiting response... 200 OK
Length: 32797 (32K) [image/png]
Saving to: ‘bycaos.com/mazorca.art/wp-content/uploads/2023/02/02-150x300.png’

     0K .......... .......... .......... ..                   100% 22.0M=0.001s

2024-12-14 02:21:14 (22.0 MB/s) - ‘bycaos.com/mazorca.art/wp-content/uploads/2023/02/02-150x300.png’ saved [32797/32797]

--2024-12-14 02:21:14--  https://bycaos.com/mazorca.art/wp-content/uploads/2023/02/03.png
Reusing existing connection to bycaos.com:443.
HTTP request sent, awaiting response... 200 OK
Length: 158959 (155K) [image/png]
Saving to: ‘bycaos.com/mazorca.art/wp-content/uploads/2023/02/03.png’

     0K .......... .......... .......... .......... .......... 32% 22.5M 0s
    50K .......... .......... .......... .......... .......... 64% 32.7M 0s
   100K .......... .......... .......... .......... .......... 96% 26.1M 0s
   150K .....                                                 100% 20.6M=0.006s

2024-12-14 02:21:14 (26.2 MB/s) - ‘bycaos.com/mazorca.art/wp-content/uploads/2023/02/03.png’ saved [158959/158959]

--2024-12-14 02:21:14--  https://bycaos.com/mazorca.art/wp-content/uploads/2023/02/03-150x300.png
Reusing existing connection to bycaos.com:443.
HTTP request sent, awaiting response... 200 OK
Length: 29399 (29K) [image/png]
Saving to: ‘bycaos.com/mazorca.art/wp-content/uploads/2023/02/03-150x300.png’

     0K .......... .......... ........                        100% 23.3M=0.001s

2024-12-14 02:21:14 (23.3 MB/s) - ‘bycaos.com/mazorca.art/wp-content/uploads/2023/02/03-150x300.png’ saved [29399/29399]

--2024-12-14 02:21:14--  https://bycaos.com/mazorca.art/wp-content/uploads/2023/02/jurado-1024x649.png
Reusing existing connection to bycaos.com:443.
HTTP request sent, awaiting response... 200 OK
Length: 255530 (250K) [image/png]
Saving to: ‘bycaos.com/mazorca.art/wp-content/uploads/2023/02/jurado-1024x649.png’

     0K .......... .......... .......... .......... .......... 20% 22.8M 0s
    50K .......... .......... .......... .......... .......... 40% 35.4M 0s
   100K .......... .......... .......... .......... .......... 60% 35.4M 0s
   150K .......... .......... .......... .......... .......... 80% 26.3M 0s
   200K .......... .......... .......... .......... ......... 100% 30.4M=0.008s

2024-12-14 02:21:14 (29.2 MB/s) - ‘bycaos.com/mazorca.art/wp-content/uploads/2023/02/jurado-1024x649.png’ saved [255530/255530]

--2024-12-14 02:21:14--  https://bycaos.com/mazorca.art/wp-content/uploads/2023/02/jurado-300x190.png
Reusing existing connection to bycaos.com:443.
HTTP request sent, awaiting response... 200 OK
Length: 32685 (32K) [image/png]
Saving to: ‘bycaos.com/mazorca.art/wp-content/uploads/2023/02/jurado-300x190.png’

     0K .......... .......... .......... .                    100% 21.9M=0.001s

2024-12-14 02:21:14 (21.9 MB/s) - ‘bycaos.com/mazorca.art/wp-content/uploads/2023/02/jurado-300x190.png’ saved [32685/32685]

--2024-12-14 02:21:14--  https://bycaos.com/mazorca.art/wp-content/uploads/2023/02/jurado-768x487.png
Reusing existing connection to bycaos.com:443.
HTTP request sent, awaiting response... 200 OK
Length: 155177 (152K) [image/png]
Saving to: ‘bycaos.com/mazorca.art/wp-content/uploads/2023/02/jurado-768x487.png’

     0K .......... .......... .......... .......... .......... 32% 23.4M 0s
    50K .......... .......... .......... .......... .......... 65% 25.4M 0s
   100K .......... .......... .......... .......... .......... 98% 32.8M 0s
   150K .                                                     100% 6.40M=0.006s

2024-12-14 02:21:14 (25.8 MB/s) - ‘bycaos.com/mazorca.art/wp-content/uploads/2023/02/jurado-768x487.png’ saved [155177/155177]

--2024-12-14 02:21:14--  https://bycaos.com/mazorca.art/wp-content/uploads/2023/02/jurado.png
Reusing existing connection to bycaos.com:443.
HTTP request sent, awaiting response... 200 OK
Length: 443874 (433K) [image/png]
Saving to: ‘bycaos.com/mazorca.art/wp-content/uploads/2023/02/jurado.png’

     0K .......... .......... .......... .......... .......... 11% 15.1M 0s
    50K .......... .......... .......... .......... .......... 23% 32.0M 0s
   100K .......... .......... .......... .......... .......... 34% 18.7M 0s
   150K .......... .......... .......... .......... .......... 46% 18.4M 0s
   200K .......... .......... .......... .......... .......... 57% 42.3M 0s
   250K .......... .......... .......... .......... .......... 69% 39.7M 0s
   300K .......... .......... .......... .......... .......... 80% 44.4M 0s
   350K .......... .......... .......... .......... .......... 92% 36.4M 0s
   400K .......... .......... .......... ...                  100% 44.0M=0.02s

2024-12-14 02:21:14 (27.1 MB/s) - ‘bycaos.com/mazorca.art/wp-content/uploads/2023/02/jurado.png’ saved [443874/443874]

--2024-12-14 02:21:14--  https://bycaos.com/mazorca.art/wp-content/uploads/2023/02/christina.png
Reusing existing connection to bycaos.com:443.
HTTP request sent, awaiting response... 200 OK
Length: 165813 (162K) [image/png]
Saving to: ‘bycaos.com/mazorca.art/wp-content/uploads/2023/02/christina.png’

     0K .......... .......... .......... .......... .......... 30% 18.1M 0s
    50K .......... .......... .......... .......... .......... 61% 20.6M 0s
   100K .......... .......... .......... .......... .......... 92% 15.8M 0s
   150K .......... .                                          100% 12.3M=0.009s

2024-12-14 02:21:14 (17.4 MB/s) - ‘bycaos.com/mazorca.art/wp-content/uploads/2023/02/christina.png’ saved [165813/165813]

--2024-12-14 02:21:14--  https://bycaos.com/mazorca.art/wp-content/uploads/2023/02/christina-151x300.png
Reusing existing connection to bycaos.com:443.
HTTP request sent, awaiting response... 200 OK
Length: 30171 (29K) [image/png]
Saving to: ‘bycaos.com/mazorca.art/wp-content/uploads/2023/02/christina-151x300.png’

     0K .......... .......... .........                       100% 17.2M=0.002s

2024-12-14 02:21:14 (17.2 MB/s) - ‘bycaos.com/mazorca.art/wp-content/uploads/2023/02/christina-151x300.png’ saved [30171/30171]

--2024-12-14 02:21:14--  https://bycaos.com/mazorca.art/wp-content/plugins/elementor/assets/css/widget-image.min.css?ver=3.24.7
Reusing existing connection to bycaos.com:443.
HTTP request sent, awaiting response... 200 OK
Length: unspecified [text/css]
Saving to: ‘bycaos.com/mazorca.art/wp-content/plugins/elementor/assets/css/widget-image.min.css?ver=3.24.7’

     0K                                                         715K=0s

2024-12-14 02:21:14 (715 KB/s) - ‘bycaos.com/mazorca.art/wp-content/plugins/elementor/assets/css/widget-image.min.css?ver=3.24.7’ saved [254]

--2024-12-14 02:21:14--  https://bycaos.com/mazorca.art/wp-content/plugins/elementor/assets/css/widget-heading.min.css?ver=3.24.7
Reusing existing connection to bycaos.com:443.
HTTP request sent, awaiting response... 200 OK
Length: unspecified [text/css]
Saving to: ‘bycaos.com/mazorca.art/wp-content/plugins/elementor/assets/css/widget-heading.min.css?ver=3.24.7’

     0K                                                        1.30M=0s

2024-12-14 02:21:14 (1.30 MB/s) - ‘bycaos.com/mazorca.art/wp-content/plugins/elementor/assets/css/widget-heading.min.css?ver=3.24.7’ saved [600]

--2024-12-14 02:21:14--  https://bycaos.com/mazorca.art/wp-content/plugins/elementor/assets/css/widget-text-editor.min.css?ver=3.24.7
Reusing existing connection to bycaos.com:443.
HTTP request sent, awaiting response... 200 OK
Length: unspecified [text/css]
Saving to: ‘bycaos.com/mazorca.art/wp-content/plugins/elementor/assets/css/widget-text-editor.min.css?ver=3.24.7’

     0K                                                        1.96M=0s

2024-12-14 02:21:14 (1.96 MB/s) - ‘bycaos.com/mazorca.art/wp-content/plugins/elementor/assets/css/widget-text-editor.min.css?ver=3.24.7’ saved [704]

--2024-12-14 02:21:14--  https://bycaos.com/mazorca.art/wp-content/plugins/elementor/assets/css/widget-icon-list.min.css?ver=3.24.7
Reusing existing connection to bycaos.com:443.
HTTP request sent, awaiting response... 200 OK
Length: unspecified [text/css]
Saving to: ‘bycaos.com/mazorca.art/wp-content/plugins/elementor/assets/css/widget-icon-list.min.css?ver=3.24.7’

     0K .........                                              14.4M=0.001s

2024-12-14 02:21:14 (14.4 MB/s) - ‘bycaos.com/mazorca.art/wp-content/plugins/elementor/assets/css/widget-icon-list.min.css?ver=3.24.7’ saved [9929]

--2024-12-14 02:21:14--  https://bycaos.com/mazorca.art/wp-content/themes/hello-elementor/assets/js/hello-frontend.min.js?ver=1.0.0
Reusing existing connection to bycaos.com:443.
HTTP request sent, awaiting response... 200 OK
Length: unspecified [application/javascript]
Saving to: ‘bycaos.com/mazorca.art/wp-content/themes/hello-elementor/assets/js/hello-frontend.min.js?ver=1.0.0’

     0K ...                                                    7.31M=0s

2024-12-14 02:21:14 (7.31 MB/s) - ‘bycaos.com/mazorca.art/wp-content/themes/hello-elementor/assets/js/hello-frontend.min.js?ver=1.0.0’ saved [3164]

--2024-12-14 02:21:14--  https://bycaos.com/mazorca.art/wp-content/plugins/elementor-pro/assets/js/webpack-pro.runtime.min.js?ver=3.23.3
Reusing existing connection to bycaos.com:443.
HTTP request sent, awaiting response... 200 OK
Length: unspecified [application/javascript]
Saving to: ‘bycaos.com/mazorca.art/wp-content/plugins/elementor-pro/assets/js/webpack-pro.runtime.min.js?ver=3.23.3’

     0K .....                                                  16.8M=0s

2024-12-14 02:21:15 (16.8 MB/s) - ‘bycaos.com/mazorca.art/wp-content/plugins/elementor-pro/assets/js/webpack-pro.runtime.min.js?ver=3.23.3’ saved [6060]

--2024-12-14 02:21:15--  https://bycaos.com/mazorca.art/wp-content/plugins/elementor/assets/js/webpack.runtime.min.js?ver=3.24.7
Reusing existing connection to bycaos.com:443.
HTTP request sent, awaiting response... 200 OK
Length: unspecified [application/javascript]
Saving to: ‘bycaos.com/mazorca.art/wp-content/plugins/elementor/assets/js/webpack.runtime.min.js?ver=3.24.7’

     0K ....                                                   13.0M=0s

2024-12-14 02:21:15 (13.0 MB/s) - ‘bycaos.com/mazorca.art/wp-content/plugins/elementor/assets/js/webpack.runtime.min.js?ver=3.24.7’ saved [4997]

--2024-12-14 02:21:15--  https://bycaos.com/mazorca.art/wp-content/plugins/elementor/assets/js/frontend-modules.min.js?ver=3.24.7
Reusing existing connection to bycaos.com:443.
HTTP request sent, awaiting response... 200 OK
Length: unspecified [application/javascript]
Saving to: ‘bycaos.com/mazorca.art/wp-content/plugins/elementor/assets/js/frontend-modules.min.js?ver=3.24.7’

     0K .......... .......... .......... .......... .......... 18.0M
    50K .......... .......... ........                         26.6M=0.004s

2024-12-14 02:21:15 (20.4 MB/s) - ‘bycaos.com/mazorca.art/wp-content/plugins/elementor/assets/js/frontend-modules.min.js?ver=3.24.7’ saved [80657]

--2024-12-14 02:21:15--  https://bycaos.com/mazorca.art/wp-includes/js/dist/hooks.min.js?ver=4d63a3d491d11ffd8ac6
Reusing existing connection to bycaos.com:443.
HTTP request sent, awaiting response... 200 OK
Length: unspecified [application/javascript]
Saving to: ‘bycaos.com/mazorca.art/wp-includes/js/dist/hooks.min.js?ver=4d63a3d491d11ffd8ac6’

     0K ....                                                   13.5M=0s

2024-12-14 02:21:15 (13.5 MB/s) - ‘bycaos.com/mazorca.art/wp-includes/js/dist/hooks.min.js?ver=4d63a3d491d11ffd8ac6’ saved [4776]

--2024-12-14 02:21:15--  https://bycaos.com/mazorca.art/wp-includes/js/dist/i18n.min.js?ver=5e580eb46a90c2b997e6
Reusing existing connection to bycaos.com:443.
HTTP request sent, awaiting response... 200 OK
Length: unspecified [application/javascript]
Saving to: ‘bycaos.com/mazorca.art/wp-includes/js/dist/i18n.min.js?ver=5e580eb46a90c2b997e6’

     0K ........                                               13.4M=0.001s

2024-12-14 02:21:15 (13.4 MB/s) - ‘bycaos.com/mazorca.art/wp-includes/js/dist/i18n.min.js?ver=5e580eb46a90c2b997e6’ saved [9141]

--2024-12-14 02:21:15--  https://bycaos.com/mazorca.art/wp-content/plugins/elementor-pro/assets/js/frontend.min.js?ver=3.23.3
Reusing existing connection to bycaos.com:443.
HTTP request sent, awaiting response... 200 OK
Length: unspecified [application/javascript]
Saving to: ‘bycaos.com/mazorca.art/wp-content/plugins/elementor-pro/assets/js/frontend.min.js?ver=3.23.3’

     0K .......... .......... ....                             17.1M=0.001s

2024-12-14 02:21:15 (17.1 MB/s) - ‘bycaos.com/mazorca.art/wp-content/plugins/elementor-pro/assets/js/frontend.min.js?ver=3.23.3’ saved [25050]

--2024-12-14 02:21:15--  https://bycaos.com/mazorca.art/wp-includes/js/jquery/ui/core.min.js?ver=1.13.3
Reusing existing connection to bycaos.com:443.
HTTP request sent, awaiting response... 200 OK
Length: unspecified [application/javascript]
Saving to: ‘bycaos.com/mazorca.art/wp-includes/js/jquery/ui/core.min.js?ver=1.13.3’

     0K .......... ..........                                  15.2M=0.001s

2024-12-14 02:21:15 (15.2 MB/s) - ‘bycaos.com/mazorca.art/wp-includes/js/jquery/ui/core.min.js?ver=1.13.3’ saved [21464]

--2024-12-14 02:21:15--  https://bycaos.com/mazorca.art/wp-content/plugins/elementor/assets/js/frontend.min.js?ver=3.24.7
Reusing existing connection to bycaos.com:443.
HTTP request sent, awaiting response... 200 OK
Length: unspecified [application/javascript]
Saving to: ‘bycaos.com/mazorca.art/wp-content/plugins/elementor/assets/js/frontend.min.js?ver=3.24.7’

     0K .......... .......... .......... ..........            17.5M=0.002s

2024-12-14 02:21:15 (17.5 MB/s) - ‘bycaos.com/mazorca.art/wp-content/plugins/elementor/assets/js/frontend.min.js?ver=3.24.7’ saved [41321]

--2024-12-14 02:21:15--  https://bycaos.com/mazorca.art/wp-content/plugins/elementor-pro/assets/js/elements-handlers.min.js?ver=3.23.3
Reusing existing connection to bycaos.com:443.
HTTP request sent, awaiting response... 200 OK
Length: unspecified [application/javascript]
Saving to: ‘bycaos.com/mazorca.art/wp-content/plugins/elementor-pro/assets/js/elements-handlers.min.js?ver=3.23.3’

     0K .......... .......... .......... .......... .          12.1M=0.003s

2024-12-14 02:21:15 (12.1 MB/s) - ‘bycaos.com/mazorca.art/wp-content/plugins/elementor-pro/assets/js/elements-handlers.min.js?ver=3.23.3’ saved [42585]

--2024-12-14 02:21:15--  https://bycaos.com/mazorca.art/wp-content/plugins/jet-elements/assets/js/jet-elements.min.js?ver=2.6.3
Reusing existing connection to bycaos.com:443.
HTTP request sent, awaiting response... 200 OK
Length: unspecified [application/javascript]
Saving to: ‘bycaos.com/mazorca.art/wp-content/plugins/jet-elements/assets/js/jet-elements.min.js?ver=2.6.3’

     0K .......... .......... .......... .......... .......... 17.5M
    50K .......... .........                                   24.0M=0.004s

2024-12-14 02:21:15 (18.9 MB/s) - ‘bycaos.com/mazorca.art/wp-content/plugins/jet-elements/assets/js/jet-elements.min.js?ver=2.6.3’ saved [70833]

--2024-12-14 02:21:15--  https://bycaos.com/mazorca.art/wp-content/plugins/jet-elements/assets/images/dummy-map.png
Reusing existing connection to bycaos.com:443.
HTTP request sent, awaiting response... 200 OK
Length: 81626 (80K) [image/png]
Saving to: ‘bycaos.com/mazorca.art/wp-content/plugins/jet-elements/assets/images/dummy-map.png’

     0K .......... .......... .......... .......... .......... 62% 23.2M 0s
    50K .......... .......... .........                       100% 23.8M=0.003s

2024-12-14 02:21:15 (23.4 MB/s) - ‘bycaos.com/mazorca.art/wp-content/plugins/jet-elements/assets/images/dummy-map.png’ saved [81626/81626]

--2024-12-14 02:21:15--  https://bycaos.com/mazorca.art/wp-content/plugins/elementor/assets/lib/eicons/fonts/eicons.eot?5.31.0
Reusing existing connection to bycaos.com:443.
HTTP request sent, awaiting response... 200 OK
Length: 219324 (214K) [application/vnd.ms-fontobject]
Saving to: ‘bycaos.com/mazorca.art/wp-content/plugins/elementor/assets/lib/eicons/fonts/eicons.eot?5.31.0’

     0K .......... .......... .......... .......... .......... 23% 12.2M 0s
    50K .......... .......... .......... .......... .......... 46% 27.4M 0s
   100K .......... .......... .......... .......... .......... 70% 24.6M 0s
   150K .......... .......... .......... .......... .......... 93% 20.9M 0s
   200K .......... ....                                       100% 37.8M=0.01s

2024-12-14 02:21:15 (20.0 MB/s) - ‘bycaos.com/mazorca.art/wp-content/plugins/elementor/assets/lib/eicons/fonts/eicons.eot?5.31.0’ saved [219324/219324]

--2024-12-14 02:21:15--  https://bycaos.com/mazorca.art/wp-content/plugins/elementor/assets/lib/eicons/fonts/eicons.woff2?5.31.0
Reusing existing connection to bycaos.com:443.
HTTP request sent, awaiting response... 200 OK
Length: 97184 (95K) [font/woff2]
Saving to: ‘bycaos.com/mazorca.art/wp-content/plugins/elementor/assets/lib/eicons/fonts/eicons.woff2?5.31.0’

     0K .......... .......... .......... .......... .......... 52% 18.7M 0s
    50K .......... .......... .......... .......... ....      100% 28.9M=0.004s

2024-12-14 02:21:15 (22.4 MB/s) - ‘bycaos.com/mazorca.art/wp-content/plugins/elementor/assets/lib/eicons/fonts/eicons.woff2?5.31.0’ saved [97184/97184]

--2024-12-14 02:21:15--  https://bycaos.com/mazorca.art/wp-content/plugins/elementor/assets/lib/eicons/fonts/eicons.woff?5.31.0
Reusing existing connection to bycaos.com:443.
HTTP request sent, awaiting response... 200 OK
Length: 119312 (117K) [font/woff]
Saving to: ‘bycaos.com/mazorca.art/wp-content/plugins/elementor/assets/lib/eicons/fonts/eicons.woff?5.31.0’

     0K .......... .......... .......... .......... .......... 42% 10.3M 0s
    50K .......... .......... .......... .......... .......... 85% 24.6M 0s
   100K .......... ......                                     100% 32.4M=0.007s

2024-12-14 02:21:16 (15.8 MB/s) - ‘bycaos.com/mazorca.art/wp-content/plugins/elementor/assets/lib/eicons/fonts/eicons.woff?5.31.0’ saved [119312/119312]

--2024-12-14 02:21:16--  https://bycaos.com/mazorca.art/wp-content/plugins/elementor/assets/lib/eicons/fonts/eicons.ttf?5.31.0
Reusing existing connection to bycaos.com:443.
HTTP request sent, awaiting response... 200 OK
Length: 219164 (214K) [font/ttf]
Saving to: ‘bycaos.com/mazorca.art/wp-content/plugins/elementor/assets/lib/eicons/fonts/eicons.ttf?5.31.0’

     0K .......... .......... .......... .......... .......... 23% 19.1M 0s
    50K .......... .......... .......... .......... .......... 46% 27.8M 0s
   100K .......... .......... .......... .......... .......... 70% 25.0M 0s
   150K .......... .......... .......... .......... .......... 93% 24.2M 0s
   200K .......... ....                                       100% 44.7M=0.009s

2024-12-14 02:21:16 (24.3 MB/s) - ‘bycaos.com/mazorca.art/wp-content/plugins/elementor/assets/lib/eicons/fonts/eicons.ttf?5.31.0’ saved [219164/219164]

--2024-12-14 02:21:16--  https://bycaos.com/mazorca.art/wp-content/plugins/elementor/assets/lib/eicons/fonts/eicons.svg?5.31.0
Reusing existing connection to bycaos.com:443.
HTTP request sent, awaiting response... 200 OK
Length: 331743 (324K) [image/svg+xml]
Saving to: ‘bycaos.com/mazorca.art/wp-content/plugins/elementor/assets/lib/eicons/fonts/eicons.svg?5.31.0’

     0K .......... .......... .......... .......... .......... 15% 18.4M 0s
    50K .......... .......... .......... .......... .......... 30% 28.7M 0s
   100K .......... .......... .......... .......... .......... 46% 28.5M 0s
   150K .......... .......... .......... .......... .......... 61% 24.4M 0s
   200K .......... .......... .......... .......... .......... 77% 24.2M 0s
   250K .......... .......... .......... .......... .......... 92% 26.8M 0s
   300K .......... .......... ...                             100% 25.8M=0.01s

2024-12-14 02:21:16 (24.7 MB/s) - ‘bycaos.com/mazorca.art/wp-content/plugins/elementor/assets/lib/eicons/fonts/eicons.svg?5.31.0’ saved [331743/331743]

--2024-12-14 02:21:16--  https://bycaos.com/mazorca.art/wp-content/uploads/2023/02/Mazorca-A2.gif
Reusing existing connection to bycaos.com:443.
HTTP request sent, awaiting response... 200 OK
Length: 1035114 (1011K) [image/gif]
Saving to: ‘bycaos.com/mazorca.art/wp-content/uploads/2023/02/Mazorca-A2.gif’

     0K .......... .......... .......... .......... ..........  4% 16.0M 0s
    50K .......... .......... .......... .......... ..........  9% 20.4M 0s
   100K .......... .......... .......... .......... .......... 14% 20.1M 0s
   150K .......... .......... .......... .......... .......... 19% 20.1M 0s
   200K .......... .......... .......... .......... .......... 24% 25.7M 0s
   250K .......... .......... .......... .......... .......... 29% 24.8M 0s
   300K .......... .......... .......... .......... .......... 34% 32.4M 0s
   350K .......... .......... .......... .......... .......... 39% 19.6M 0s
   400K .......... .......... .......... .......... .......... 44% 33.1M 0s
   450K .......... .......... .......... .......... .......... 49% 23.6M 0s
   500K .......... .......... .......... .......... .......... 54% 28.5M 0s
   550K .......... .......... .......... .......... .......... 59% 22.0M 0s
   600K .......... .......... .......... .......... .......... 64% 32.9M 0s
   650K .......... .......... .......... .......... .......... 69% 31.2M 0s
   700K .......... .......... .......... .......... .......... 74% 32.4M 0s
   750K .......... .......... .......... .......... .......... 79% 28.2M 0s
   800K .......... .......... .......... .......... .......... 84% 33.0M 0s
   850K .......... .......... .......... .......... .......... 89% 33.3M 0s
   900K .......... .......... .......... .......... .......... 93% 28.2M 0s
   950K .......... .......... .......... .......... .......... 98% 22.5M 0s
  1000K ..........                                            100% 29.7M=0.04s

2024-12-14 02:21:16 (25.2 MB/s) - ‘bycaos.com/mazorca.art/wp-content/uploads/2023/02/Mazorca-A2.gif’ saved [1035114/1035114]

--2024-12-14 02:21:16--  https://bycaos.com/mazorca.art/wp-content/uploads/2023/02/background.png
Reusing existing connection to bycaos.com:443.
HTTP request sent, awaiting response... 200 OK
Length: 12420 (12K) [image/png]
Saving to: ‘bycaos.com/mazorca.art/wp-content/uploads/2023/02/background.png’

     0K .......... ..                                         100% 13.8M=0.001s

2024-12-14 02:21:16 (13.8 MB/s) - ‘bycaos.com/mazorca.art/wp-content/uploads/2023/02/background.png’ saved [12420/12420]

--2024-12-14 02:21:16--  https://bycaos.com/mazorca.art/wp-content/uploads/2023/02/Web-landing-feb23.png
Reusing existing connection to bycaos.com:443.
HTTP request sent, awaiting response... 200 OK
Length: 8435 (8.2K) [image/png]
Saving to: ‘bycaos.com/mazorca.art/wp-content/uploads/2023/02/Web-landing-feb23.png’

     0K ........                                              100% 10.6M=0.001s

2024-12-14 02:21:16 (10.6 MB/s) - ‘bycaos.com/mazorca.art/wp-content/uploads/2023/02/Web-landing-feb23.png’ saved [8435/8435]

--2024-12-14 02:21:16--  https://bycaos.com/mazorca.art/wp-content/plugins/elementor/assets/lib/font-awesome/webfonts/fa-brands-400.eot
Reusing existing connection to bycaos.com:443.
HTTP request sent, awaiting response... 200 OK
Length: 151556 (148K) [application/vnd.ms-fontobject]
Saving to: ‘bycaos.com/mazorca.art/wp-content/plugins/elementor/assets/lib/font-awesome/webfonts/fa-brands-400.eot’

     0K .......... .......... .......... .......... .......... 33% 17.1M 0s
    50K .......... .......... .......... .......... .......... 67% 24.0M 0s
   100K .......... .......... .......... .......... ........  100% 21.1M=0.007s

2024-12-14 02:21:16 (20.3 MB/s) - ‘bycaos.com/mazorca.art/wp-content/plugins/elementor/assets/lib/font-awesome/webfonts/fa-brands-400.eot’ saved [151556/151556]

--2024-12-14 02:21:16--  https://bycaos.com/mazorca.art/wp-content/plugins/elementor/assets/lib/font-awesome/webfonts/fa-brands-400.eot?
Reusing existing connection to bycaos.com:443.
HTTP request sent, awaiting response... 200 OK
Length: 151556 (148K) [application/vnd.ms-fontobject]
Saving to: ‘bycaos.com/mazorca.art/wp-content/plugins/elementor/assets/lib/font-awesome/webfonts/fa-brands-400.eot?’

     0K .......... .......... .......... .......... .......... 33% 6.21M 0s
    50K .......... .......... .......... .......... .......... 67% 24.7M 0s
   100K .......... .......... .......... .......... ........  100% 12.1M=0.01s

2024-12-14 02:21:16 (10.5 MB/s) - ‘bycaos.com/mazorca.art/wp-content/plugins/elementor/assets/lib/font-awesome/webfonts/fa-brands-400.eot?’ saved [151556/151556]

--2024-12-14 02:21:16--  https://bycaos.com/mazorca.art/wp-content/plugins/elementor/assets/lib/font-awesome/webfonts/fa-brands-400.woff2
Reusing existing connection to bycaos.com:443.
HTTP request sent, awaiting response... 200 OK
Length: 81612 (80K) [font/woff2]
Saving to: ‘bycaos.com/mazorca.art/wp-content/plugins/elementor/assets/lib/font-awesome/webfonts/fa-brands-400.woff2’

     0K .......... .......... .......... .......... .......... 62% 2.07M 0s
    50K .......... .......... .........                       100% 22.2M=0.02s

2024-12-14 02:21:16 (3.13 MB/s) - ‘bycaos.com/mazorca.art/wp-content/plugins/elementor/assets/lib/font-awesome/webfonts/fa-brands-400.woff2’ saved [81612/81612]

--2024-12-14 02:21:17--  https://bycaos.com/mazorca.art/wp-content/plugins/elementor/assets/lib/font-awesome/webfonts/fa-brands-400.woff
Reusing existing connection to bycaos.com:443.
HTTP request sent, awaiting response... 200 OK
Length: 97804 (96K) [font/woff]
Saving to: ‘bycaos.com/mazorca.art/wp-content/plugins/elementor/assets/lib/font-awesome/webfonts/fa-brands-400.woff’

     0K .......... .......... .......... .......... .......... 52% 18.5M 0s
    50K .......... .......... .......... .......... .....     100% 22.7M=0.005s

2024-12-14 02:21:17 (20.3 MB/s) - ‘bycaos.com/mazorca.art/wp-content/plugins/elementor/assets/lib/font-awesome/webfonts/fa-brands-400.woff’ saved [97804/97804]

--2024-12-14 02:21:17--  https://bycaos.com/mazorca.art/wp-content/plugins/elementor/assets/lib/font-awesome/webfonts/fa-brands-400.ttf
Reusing existing connection to bycaos.com:443.
HTTP request sent, awaiting response... 200 OK
Length: 151368 (148K) [font/ttf]
Saving to: ‘bycaos.com/mazorca.art/wp-content/plugins/elementor/assets/lib/font-awesome/webfonts/fa-brands-400.ttf’

     0K .......... .......... .......... .......... .......... 33% 17.9M 0s
    50K .......... .......... .......... .......... .......... 67% 24.4M 0s
   100K .......... .......... .......... .......... .......   100% 24.9M=0.007s

2024-12-14 02:21:17 (21.8 MB/s) - ‘bycaos.com/mazorca.art/wp-content/plugins/elementor/assets/lib/font-awesome/webfonts/fa-brands-400.ttf’ saved [151368/151368]

--2024-12-14 02:21:17--  https://bycaos.com/mazorca.art/wp-content/plugins/elementor/assets/lib/font-awesome/webfonts/fa-brands-400.svg
Reusing existing connection to bycaos.com:443.
HTTP request sent, awaiting response... 200 OK
Length: 749223 (732K) [image/svg+xml]
Saving to: ‘bycaos.com/mazorca.art/wp-content/plugins/elementor/assets/lib/font-awesome/webfonts/fa-brands-400.svg’

     0K .......... .......... .......... .......... ..........  6% 13.4M 0s
    50K .......... .......... .......... .......... .......... 13% 24.1M 0s
   100K .......... .......... .......... .......... .......... 20% 25.0M 0s
   150K .......... .......... .......... .......... .......... 27% 26.5M 0s
   200K .......... .......... .......... .......... .......... 34% 31.1M 0s
   250K .......... .......... .......... .......... .......... 41% 25.3M 0s
   300K .......... .......... .......... .......... .......... 47% 30.1M 0s
   350K .......... .......... .......... .......... .......... 54% 22.5M 0s
   400K .......... .......... .......... .......... .......... 61% 20.7M 0s
   450K .......... .......... .......... .......... .......... 68% 16.9M 0s
   500K .......... .......... .......... .......... .......... 75% 28.6M 0s
   550K .......... .......... .......... .......... .......... 82% 23.2M 0s
   600K .......... .......... .......... .......... .......... 88% 26.8M 0s
   650K .......... .......... .......... .......... .......... 95% 30.2M 0s
   700K .......... .......... .......... .                    100% 28.6M=0.03s

2024-12-14 02:21:17 (23.5 MB/s) - ‘bycaos.com/mazorca.art/wp-content/plugins/elementor/assets/lib/font-awesome/webfonts/fa-brands-400.svg’ saved [749223/749223]

--2024-12-14 02:21:17--  https://bycaos.com/mazorca.art/wp-content/plugins/elementor/assets/lib/font-awesome/webfonts/fa-solid-900.eot
Reusing existing connection to bycaos.com:443.
HTTP request sent, awaiting response... 200 OK
Length: 203030 (198K) [application/vnd.ms-fontobject]
Saving to: ‘bycaos.com/mazorca.art/wp-content/plugins/elementor/assets/lib/font-awesome/webfonts/fa-solid-900.eot’

     0K .......... .......... .......... .......... .......... 25% 4.77M 0s
    50K .......... .......... .......... .......... .......... 50% 22.8M 0s
   100K .......... .......... .......... .......... .......... 75% 22.4M 0s
   150K .......... .......... .......... .......... ........  100% 16.4M=0.02s

2024-12-14 02:21:17 (11.1 MB/s) - ‘bycaos.com/mazorca.art/wp-content/plugins/elementor/assets/lib/font-awesome/webfonts/fa-solid-900.eot’ saved [203030/203030]

--2024-12-14 02:21:17--  https://bycaos.com/mazorca.art/wp-content/plugins/elementor/assets/lib/font-awesome/webfonts/fa-solid-900.eot?
Reusing existing connection to bycaos.com:443.
HTTP request sent, awaiting response... 200 OK
Length: 203030 (198K) [application/vnd.ms-fontobject]
Saving to: ‘bycaos.com/mazorca.art/wp-content/plugins/elementor/assets/lib/font-awesome/webfonts/fa-solid-900.eot?’

     0K .......... .......... .......... .......... .......... 25% 16.4M 0s
    50K .......... .......... .......... .......... .......... 50% 21.9M 0s
   100K .......... .......... .......... .......... .......... 75% 26.1M 0s
   150K .......... .......... .......... .......... ........  100% 25.8M=0.009s

2024-12-14 02:21:17 (21.8 MB/s) - ‘bycaos.com/mazorca.art/wp-content/plugins/elementor/assets/lib/font-awesome/webfonts/fa-solid-900.eot?’ saved [203030/203030]

--2024-12-14 02:21:17--  https://bycaos.com/mazorca.art/wp-content/plugins/elementor/assets/lib/font-awesome/webfonts/fa-solid-900.woff2
Reusing existing connection to bycaos.com:443.
HTTP request sent, awaiting response... 200 OK
Length: 78196 (76K) [font/woff2]
Saving to: ‘bycaos.com/mazorca.art/wp-content/plugins/elementor/assets/lib/font-awesome/webfonts/fa-solid-900.woff2’

     0K .......... .......... .......... .......... .......... 65% 14.8M 0s
    50K .......... .......... ......                          100% 24.9M=0.004s

2024-12-14 02:21:17 (17.2 MB/s) - ‘bycaos.com/mazorca.art/wp-content/plugins/elementor/assets/lib/font-awesome/webfonts/fa-solid-900.woff2’ saved [78196/78196]

--2024-12-14 02:21:17--  https://bycaos.com/mazorca.art/wp-content/plugins/elementor/assets/lib/font-awesome/webfonts/fa-solid-900.woff
Reusing existing connection to bycaos.com:443.
HTTP request sent, awaiting response... 200 OK
Length: 101652 (99K) [font/woff]
Saving to: ‘bycaos.com/mazorca.art/wp-content/plugins/elementor/assets/lib/font-awesome/webfonts/fa-solid-900.woff’

     0K .......... .......... .......... .......... .......... 50% 10.8M 0s
    50K .......... .......... .......... .......... ......... 100% 22.1M=0.007s

2024-12-14 02:21:17 (14.5 MB/s) - ‘bycaos.com/mazorca.art/wp-content/plugins/elementor/assets/lib/font-awesome/webfonts/fa-solid-900.woff’ saved [101652/101652]

--2024-12-14 02:21:17--  https://bycaos.com/mazorca.art/wp-content/plugins/elementor/assets/lib/font-awesome/webfonts/fa-solid-900.ttf
Reusing existing connection to bycaos.com:443.
HTTP request sent, awaiting response... 200 OK
Length: 202744 (198K) [font/ttf]
Saving to: ‘bycaos.com/mazorca.art/wp-content/plugins/elementor/assets/lib/font-awesome/webfonts/fa-solid-900.ttf’

     0K .......... .......... .......... .......... .......... 25% 16.6M 0s
    50K .......... .......... .......... .......... .......... 50% 19.2M 0s
   100K .......... .......... .......... .......... .......... 75% 22.2M 0s
   150K .......... .......... .......... .......... .......   100% 22.7M=0.01s

2024-12-14 02:21:18 (19.9 MB/s) - ‘bycaos.com/mazorca.art/wp-content/plugins/elementor/assets/lib/font-awesome/webfonts/fa-solid-900.ttf’ saved [202744/202744]

--2024-12-14 02:21:18--  https://bycaos.com/mazorca.art/wp-content/plugins/elementor/assets/lib/font-awesome/webfonts/fa-solid-900.svg
Reusing existing connection to bycaos.com:443.
HTTP request sent, awaiting response... 200 OK
Length: 918991 (897K) [image/svg+xml]
Saving to: ‘bycaos.com/mazorca.art/wp-content/plugins/elementor/assets/lib/font-awesome/webfonts/fa-solid-900.svg’

     0K .......... .......... .......... .......... ..........  5% 8.70M 0s
    50K .......... .......... .......... .......... .......... 11% 29.0M 0s
   100K .......... .......... .......... .......... .......... 16% 22.5M 0s
   150K .......... .......... .......... .......... .......... 22% 26.7M 0s
   200K .......... .......... .......... .......... .......... 27% 19.2M 0s
   250K .......... .......... .......... .......... .......... 33% 32.1M 0s
   300K .......... .......... .......... .......... .......... 38% 33.0M 0s
   350K .......... .......... .......... .......... .......... 44% 27.5M 0s
   400K .......... .......... .......... .......... .......... 50% 27.4M 0s
   450K .......... .......... .......... .......... .......... 55% 33.0M 0s
   500K .......... .......... .......... .......... .......... 61% 32.6M 0s
   550K .......... .......... .......... .......... .......... 66% 28.3M 0s
   600K .......... .......... .......... .......... .......... 72% 33.4M 0s
   650K .......... .......... .......... .......... .......... 77% 32.6M 0s
   700K .......... .......... .......... .......... .......... 83% 30.5M 0s
   750K .......... .......... .......... .......... .......... 89% 26.8M 0s
   800K .......... .......... .......... .......... .......... 94% 30.8M 0s
   850K .......... .......... .......... .......... .......   100% 30.8M=0.03s

2024-12-14 02:21:18 (25.4 MB/s) - ‘bycaos.com/mazorca.art/wp-content/plugins/elementor/assets/lib/font-awesome/webfonts/fa-solid-900.svg’ saved [918991/918991]

FINISHED --2024-12-14 02:21:18--
Total wall clock time: 10s
Downloaded: 80 files, 10M in 0.5s (20.7 MB/s)
